{"level":"warn","message":"Ruta /api/desd con método GET no implementada"}
{"level":"warn","message":"Ruta /api/desd con método GET no implementada"}
{"level":"warn","message":"Ruta /api/desd con método GET no implementada"}
{"level":"warn","message":"Ruta /api/desd con método GET no implementada"}
{"level":"warn","message":"Ruta /api/desd con método GET no implementada"}
{"level":"warn","message":"Ruta /favicon.ico con método GET no implementada"}
{"level":"warn","message":"Ruta /favicon.ico con método GET no implementada"}
{"level":"warn","message":"Ruta /randoms?cant=4 con método GET no implementada"}
{"level":"warn","message":"Ruta /favicon.ico con método GET no implementada"}
{"level":"warn","message":"Ruta /favicon.ico con método GET no implementada"}
{"level":"warn","message":"Ruta /favicon.ico con método GET no implementada"}
{"level":"warn","message":"Ruta /favicon.ico con método GET no implementada"}
{"level":"warn","message":"Ruta /favicon.ico con método GET no implementada"}
{"level":"warn","message":"Ruta /api/characters con método GET no implementada"}
{"level":"warn","message":"Ruta /favicon.ico con método GET no implementada"}
{"level":"warn","message":"Ruta /favicon.ico con método GET no implementada"}
{"level":"warn","message":"Ruta /socket.io/socket.io.js con método GET no implementada"}
{"level":"warn","message":"Ruta /socket.io/socket.io.js con método GET no implementada"}
{"level":"warn","message":"Ruta /socket.io/socket.io.js con método GET no implementada"}
{"level":"warn","message":"Ruta /socket.io/socket.io.js con método GET no implementada"}
{"level":"warn","message":"Ruta /socket.io/socket.io.js con método GET no implementada"}
{"level":"warn","message":"Ruta /socket.io/socket.io.js con método GET no implementada"}
{"level":"warn","message":"Ruta /socket.io/socket.io.js con método GET no implementada"}
{"level":"warn","message":"Ruta /socket.io/socket.io.js con método GET no implementada"}
{"level":"error"}
{"level":"error"}
