{"level":"info","message":"[27/9/2022 21:12:36] GET /api/"}
{"level":"info","message":"[27/9/2022 21:12:36] Unknown bunny connected"}
{"level":"info","message":"Server running on port 8080, mode: FORK"}
{"level":"info","message":"Server running on port 8080, mode: FORK"}
{"level":"info","message":"Server running on port 8080, mode: FORK"}
{"level":"info","message":"Server running on port 8080, mode: FORK"}
{"level":"info","message":"Server running on port 8080, mode: FORK"}
{"level":"info","message":"[27/9/2022 21:30:7] Unknown bunny connected"}
{"level":"info","message":"Server running on port 8080, mode: FORK"}
{"level":"info","message":"[27/9/2022 21:48:3] GET /favicon.ico"}
{"level":"warn","message":"Ruta /favicon.ico con método GET no implementada"}
{"level":"info","message":"[27/9/2022 21:48:14] GET /api/"}
{"level":"info","message":"[27/9/2022 21:48:15] Unknown bunny connected"}
{"level":"info","message":"[27/9/2022 21:48:19] GET /api/"}
{"level":"info","message":"[27/9/2022 21:48:19] Unknown bunny connected"}
{"level":"info","message":"[27/9/2022 21:48:22] GET /api/primes"}
{"level":"info","message":"Server running on port 8080, mode: FORK"}
{"level":"info","message":"[27/9/2022 21:54:3] GET /api/primes"}
{"level":"info","message":"Server running on port 8080, mode: FORK"}
{"level":"info","message":"Primary process: 14708 is running"}
{"level":"info","message":"Worker 26388 started"}
{"level":"info","message":"Worker 26164 started"}
{"level":"info","message":"Worker 13104 started"}
{"level":"info","message":"Worker 3520 started"}
{"level":"info","message":"Worker 21932 started"}
{"level":"info","message":"Worker 16520 started"}
{"level":"info","message":"Worker 1732 started"}
{"level":"info","message":"Worker 22720 started"}
{"level":"info","message":"Worker 5148 started"}
{"level":"info","message":"Worker 27240 started"}
{"level":"info","message":"Worker 22216 started"}
{"level":"info","message":"Worker 10880 started"}
{"level":"info","message":"Worker 29620 started"}
{"level":"info","message":"Worker 17376 started"}
{"level":"info","message":"Worker 11404 started"}
{"level":"info","message":"Worker 26796 started"}
{"level":"info","message":"Primary process: 536 is running"}
{"level":"info","message":"Worker 23988 started"}
{"level":"info","message":"Worker 23224 started"}
{"level":"info","message":"Worker 17248 started"}
{"level":"info","message":"Worker 8640 started"}
{"level":"info","message":"Worker 23700 started"}
{"level":"info","message":"Worker 5600 started"}
{"level":"info","message":"Worker 3356 started"}
{"level":"info","message":"Worker 29416 started"}
{"level":"info","message":"Worker 24028 started"}
{"level":"info","message":"Worker 5516 started"}
{"level":"info","message":"Worker 27732 started"}
{"level":"info","message":"Worker 18648 started"}
{"level":"info","message":"Worker 7288 started"}
{"level":"info","message":"Worker 20800 started"}
{"level":"info","message":"Worker 29292 started"}
{"level":"info","message":"Worker 23360 started"}
{"level":"info","message":"Primary process: 24348 is running"}
{"level":"info","message":"Worker 28940 started"}
{"level":"info","message":"Worker 27768 started"}
{"level":"info","message":"Worker 23312 started"}
{"level":"info","message":"Worker 16224 started"}
{"level":"info","message":"Worker 24800 started"}
{"level":"info","message":"Worker 14348 started"}
{"level":"info","message":"Worker 16388 started"}
{"level":"info","message":"Worker 872 started"}
{"level":"info","message":"Worker 29408 started"}
{"level":"info","message":"Worker 25988 started"}
{"level":"info","message":"Worker 14756 started"}
{"level":"info","message":"Worker 29692 started"}
{"level":"info","message":"Worker 27544 started"}
{"level":"info","message":"Worker 27452 started"}
{"level":"info","message":"Worker 12508 started"}
{"level":"info","message":"Worker 21264 started"}
{"level":"info","message":"[27/9/2022 22:2:53] GET /api/randoms"}
{"level":"info","message":"[27/9/2022 22:2:53] Unknown bunny connected"}
{"level":"info","message":"[27/9/2022 22:2:54] Unknown bunny connected"}
{"level":"info","message":"[27/9/2022 22:2:55] Unknown bunny connected"}
{"level":"info","message":"[27/9/2022 22:2:56] Unknown bunny connected"}
{"level":"info","message":"[27/9/2022 22:2:59] GET /api/"}
{"level":"info","message":"[27/9/2022 22:2:59] Unknown bunny connected"}
{"level":"info","message":"[27/9/2022 22:3:8] GET /api/randoms?cant=4000000"}
{"level":"info","message":"[27/9/2022 22:3:32] GET /api/randoms?cant=2000000"}
{"level":"info","message":"[27/9/2022 22:3:36] GET /api/randoms?cant=200000000"}
{"level":"info","message":"Primary process: 28892 is running"}
{"level":"info","message":"Worker 16164 started"}
{"level":"info","message":"Worker 7208 started"}
{"level":"info","message":"Worker 12764 started"}
{"level":"info","message":"Worker 16752 started"}
{"level":"info","message":"Worker 27328 started"}
{"level":"info","message":"Worker 1408 started"}
{"level":"info","message":"Worker 13336 started"}
{"level":"info","message":"Worker 1984 started"}
{"level":"info","message":"Worker 6756 started"}
{"level":"info","message":"Worker 7328 started"}
{"level":"info","message":"Worker 24408 started"}
{"level":"info","message":"Worker 17392 started"}
{"level":"info","message":"Worker 26684 started"}
{"level":"info","message":"Worker 29208 started"}
{"level":"info","message":"Worker 17428 started"}
{"level":"info","message":"Worker 180 started"}
{"level":"info","message":"Server running on port 8080, mode: FORK"}
{"level":"info","message":"Primary process: 18784 is running"}
{"level":"info","message":"Worker 2624 started"}
{"level":"info","message":"Worker 29544 started"}
{"level":"info","message":"Worker 15392 started"}
{"level":"info","message":"Worker 5000 started"}
{"level":"info","message":"Worker 10816 started"}
{"level":"info","message":"Worker 20060 started"}
{"level":"info","message":"Worker 9832 started"}
{"level":"info","message":"Worker 12672 started"}
{"level":"info","message":"Worker 23584 started"}
{"level":"info","message":"Worker 6900 started"}
{"level":"info","message":"Worker 19848 started"}
{"level":"info","message":"Worker 10904 started"}
{"level":"info","message":"Worker 3452 started"}
{"level":"info","message":"Worker 1512 started"}
{"level":"info","message":"Worker 23728 started"}
{"level":"info","message":"Worker 12624 started"}
{"level":"info","message":"[27/9/2022 22:10:28] GET /api/randoms?cant=900000000000"}
{"level":"info","message":"Server running on port 8080, mode: FORK"}
{"level":"info","message":"Primary process: 27636 is running"}
{"level":"info","message":"Worker 20528 started"}
{"level":"info","message":"Worker 24460 started"}
{"level":"info","message":"Worker 21692 started"}
{"level":"info","message":"Worker 2212 started"}
{"level":"info","message":"Worker 22568 started"}
{"level":"info","message":"Worker 8064 started"}
{"level":"info","message":"Worker 28608 started"}
{"level":"info","message":"Worker 24660 started"}
{"level":"info","message":"Worker 18360 started"}
{"level":"info","message":"Worker 5572 started"}
{"level":"info","message":"Worker 11436 started"}
{"level":"info","message":"Worker 18908 started"}
{"level":"info","message":"Worker 8404 started"}
{"level":"info","message":"Worker 13488 started"}
{"level":"info","message":"Worker 24012 started"}
{"level":"info","message":"Worker 29052 started"}
{"level":"info","message":"Primary process: 13816 is running"}
{"level":"info","message":"Worker 17816 started"}
{"level":"info","message":"Worker 13316 started"}
{"level":"info","message":"Worker 23752 started"}
{"level":"info","message":"Worker 24220 started"}
{"level":"info","message":"Worker 27080 started"}
{"level":"info","message":"Worker 29468 started"}
{"level":"info","message":"Worker 2208 started"}
{"level":"info","message":"Worker 28264 started"}
{"level":"info","message":"Worker 27836 started"}
{"level":"info","message":"Worker 15884 started"}
{"level":"info","message":"Worker 28736 started"}
{"level":"info","message":"Worker 16844 started"}
{"level":"info","message":"Worker 1912 started"}
{"level":"info","message":"Worker 28388 started"}
{"level":"info","message":"Worker 14908 started"}
{"level":"info","message":"Worker 23652 started"}
{"level":"info","message":"Server running on port 8080, mode: FORK"}
{"level":"info","message":"Server running on port 8080, mode: FORK"}
{"level":"info","message":"[27/9/2022 22:19:22] GET /api/randoms?cant=200000000"}
{"level":"info","message":"[27/9/2022 22:19:23] Unknown bunny connected"}
{"level":"info","message":"[27/9/2022 22:24:44] Unknown bunny connected"}
{"level":"info","message":"Primary process: 17468 is running"}
{"level":"info","message":"Worker 5940 started"}
{"level":"info","message":"Worker 25120 started"}
{"level":"info","message":"Worker 17448 started"}
{"level":"info","message":"Worker 1260 started"}
{"level":"info","message":"Worker 24764 started"}
{"level":"info","message":"Worker 15508 started"}
{"level":"info","message":"Worker 28932 started"}
{"level":"info","message":"Worker 16124 started"}
{"level":"info","message":"Worker 14520 started"}
{"level":"info","message":"Worker 22560 started"}
{"level":"info","message":"Worker 27912 started"}
{"level":"info","message":"Worker 23444 started"}
{"level":"info","message":"Worker 9944 started"}
{"level":"info","message":"Worker 25100 started"}
{"level":"info","message":"Worker 16308 started"}
{"level":"info","message":"Worker 27580 started"}
{"level":"info","message":"[27/9/2022 23:4:31] Unknown bunny connected"}
{"level":"info","message":"[27/9/2022 23:4:32] Unknown bunny connected"}
{"level":"info","message":"[27/9/2022 23:4:34] Unknown bunny connected"}
{"level":"info","message":"[27/9/2022 23:4:35] Unknown bunny connected"}
{"level":"info","message":"[27/9/2022 23:17:5] Unknown bunny connected"}
{"level":"info","message":"[27/9/2022 23:17:10] GET /api/"}
{"level":"info","message":"[27/9/2022 23:17:10] Unknown bunny connected"}
{"level":"info","message":"[27/9/2022 23:17:16] GET /api/randoms?cant=200000000"}
{"level":"info","message":"[27/9/2022 23:17:22] GET /api/"}
{"level":"info","message":"[27/9/2022 23:17:23] Unknown bunny connected"}
{"level":"info","message":"[27/9/2022 23:17:34] GET /api/randoms?cant=200000000"}
{"level":"info","message":"[27/9/2022 23:17:38] GET /api/randoms?cant=2"}
{"level":"info","message":"Server running on port 8080, mode: FORK"}
{"level":"info","message":"[27/9/2022 23:20:10] GET /api/randoms?cant=2"}
{"level":"info","message":"[27/9/2022 23:20:12] GET /api/randoms?cant=200000000"}
{"level":"info","message":"[27/9/2022 23:20:25] GET /api/randoms?cant=2"}
{"level":"info","message":"Server running on port 8080, mode: FORK"}
{"level":"info","message":"Server running on port 8080, mode: FORK"}
{"level":"info","message":"Primary process: 16376 is running"}
{"level":"info","message":"Worker 27516 started"}
{"level":"info","message":"Worker 19244 started"}
{"level":"info","message":"Worker 16572 started"}
{"level":"info","message":"Worker 26364 started"}
{"level":"info","message":"Worker 24388 started"}
{"level":"info","message":"Worker 18252 started"}
{"level":"info","message":"Worker 26332 started"}
{"level":"info","message":"Worker 28908 started"}
{"level":"info","message":"Worker 5540 started"}
{"level":"info","message":"Worker 19280 started"}
{"level":"info","message":"Worker 12224 started"}
{"level":"info","message":"Worker 26260 started"}
{"level":"info","message":"Worker 3860 started"}
{"level":"info","message":"Worker 10568 started"}
{"level":"info","message":"Worker 4248 started"}
{"level":"info","message":"Worker 5016 started"}
{"level":"info","message":"Server running on port 8080, mode: FORK"}
{"level":"info","message":"Server running on port 8080, mode: FORK"}
{"level":"info","message":"[27/9/2022 23:32:5] GET /api/randoms?cant=2"}
{"level":"info","message":"[27/9/2022 23:32:6] Unknown bunny connected"}
{"level":"info","message":"[27/9/2022 23:32:10] GET /api/"}
{"level":"info","message":"[27/9/2022 23:32:11] Unknown bunny connected"}
{"level":"info","message":"[27/9/2022 23:32:13] GET /api/randoms"}
{"level":"info","message":"[27/9/2022 23:32:20] GET /api/randoms?cant=20000000000"}
{"level":"info","message":"[27/9/2022 23:32:25] GET /api/randoms?cant=200000000"}
{"level":"info","message":"[27/9/2022 23:32:34] GET /api/randoms?cant=2"}
{"level":"info","message":"Server running on port 8080, mode: FORK"}
{"level":"info","message":"[27/9/2022 23:33:2] GET /favicon.ico"}
{"level":"warn","message":"Ruta /favicon.ico con método GET no implementada"}
{"level":"info","message":"[27/9/2022 23:33:7] GET /api/randoms?cant=20000000000"}
{"level":"info","message":"[27/9/2022 23:33:10] GET /api/randoms?cant=2"}
{"level":"info","message":"[27/9/2022 23:33:37] GET /api/randoms?cant=20000000000"}
{"level":"info","message":"[27/9/2022 23:33:38] GET /api/randoms?cant=2"}
{"level":"info","message":"[27/9/2022 23:33:40] GET /api/randoms?cant=2"}
{"level":"info","message":"[27/9/2022 23:33:43] GET /api/randoms?cant=23"}
{"level":"info","message":"[27/9/2022 23:33:47] GET /api/randoms?cant=2"}
{"level":"info","message":"Server running on port 8080, mode: FORK"}
{"level":"info","message":"[27/9/2022 23:33:59] GET /api/randoms?cant=23"}
{"level":"info","message":"[27/9/2022 23:34:1] GET /api/randoms?cant=23"}
{"level":"info","message":"[27/9/2022 23:34:9] GET /api/randoms?cant=23"}
{"level":"info","message":"[27/9/2022 23:34:11] GET /api/randoms?cant=2"}
{"level":"info","message":"Server running on port 8080, mode: FORK"}
{"level":"info","message":"[27/9/2022 23:34:32] GET /api/randoms?cant=2"}
{"level":"info","message":"[27/9/2022 23:34:34] GET /api/randoms?cant=23"}
{"level":"info","message":"[27/9/2022 23:34:37] GET /api/randoms?cant=2300000000000000"}
{"level":"info","message":"Server running on port 8080, mode: FORK"}
{"level":"info","message":"Server running on port 8080, mode: FORK"}
{"level":"info","message":"[27/9/2022 23:48:8] GET /api/randoms?cant=2300000000000000"}
{"level":"info","message":"Server running on port 8080, mode: FORK"}
{"level":"info","message":"Server running on port 8080, mode: FORK"}
{"level":"info","message":"Server running on port 8080, mode: FORK"}
{"level":"info","message":"Server running on port 8080, mode: FORK"}
{"level":"info","message":"Server running on port 8080, mode: FORK"}
{"level":"info","message":"Server running on port 8080, mode: FORK"}
{"level":"info","message":"Server running on port 8080, mode: FORK"}
{"level":"info","message":"[28/9/2022 1:10:2] GET /api/randoms?cant=2"}
{"level":"info","message":"Server running on port 8080, mode: FORK"}
{"level":"info","message":"[28/9/2022 1:15:23] GET /api/info"}
{"level":"info","message":"Server running on port 8080, mode: FORK"}
{"level":"info","message":"[28/9/2022 1:23:50] GET /api/"}
{"level":"info","message":"Server running on port 8080, mode: FORK"}
{"level":"info","message":"Server running on port 8080, mode: FORK"}
{"level":"info","message":"Server running on port 8080, mode: FORK"}
{"level":"info","message":"[28/9/2022 17:25:23] Unknown bunny connected"}
{"level":"info","message":"[28/9/2022 17:25:29] GET /api/"}
{"level":"info","message":"[28/9/2022 17:25:29] Unknown bunny connected"}
{"level":"info","message":"[28/9/2022 17:25:33] GET /api/info"}
{"level":"info","message":"[28/9/2022 17:25:45] GET /api/infolog"}
{"level":"info","message":"Server running on port 8080, mode: FORK"}
{"level":"info","message":"[28/9/2022 17:29:47] GET /api/infolog"}
{"level":"info","message":"Server running on port 8080, mode: FORK"}
{"level":"info","message":"[28/9/2022 17:30:18] GET /api/info"}
{"level":"info","message":"[28/9/2022 17:30:18] GET /api/info"}
{"level":"info","message":"Server running on port 8080, mode: FORK"}
{"level":"info","message":"Server running on port 8080, mode: FORK"}
{"level":"info","message":"Server running on port 8080, mode: FORK"}
{"level":"info","message":"Server running on port 8080, mode: FORK"}
{"level":"info","message":"Server running on port 8080, mode: FORK"}
{"level":"info","message":"Server running on port 8080, mode: FORK"}
